<?xml version="1.0" encoding="UTF-8"?>
<testng-results ignored="0" total="1" passed="1" failed="0" skipped="0">
  <reporter-output>
  </reporter-output>
  <suite started-at="2021-11-28T09:47:35 IST" name="iNetbanking" finished-at="2021-11-28T09:48:07 IST" duration-ms="32195">
    <groups>
    </groups>
    <test started-at="2021-11-28T09:47:35 IST" name="BankingApp Test" finished-at="2021-11-28T09:48:07 IST" duration-ms="32195">
      <class name="com.inetbanking.testCases.AddCustomerTest_003">
        <test-method is-config="true" signature="setup(java.lang.String)[pri:0, instance:com.inetbanking.testCases.AddCustomerTest_003@729d991e]" started-at="2021-11-28T09:47:35 IST" name="setup" finished-at="2021-11-28T09:47:47 IST" duration-ms="11655" status="PASS">
          <params>
            <param index="0">
              <value>
                <![CDATA[chrome]]>
              </value>
            </param>
          </params>
          <reporter-output>
          </reporter-output>
        </test-method> <!-- setup -->
        <test-method signature="addNewCustomer()[pri:0, instance:com.inetbanking.testCases.AddCustomerTest_003@729d991e]" started-at="2021-11-28T09:47:47 IST" name="addNewCustomer" finished-at="2021-11-28T09:48:06 IST" duration-ms="19717" status="PASS">
          <reporter-output>
          </reporter-output>
        </test-method> <!-- addNewCustomer -->
        <test-method is-config="true" signature="tearDown()[pri:0, instance:com.inetbanking.testCases.AddCustomerTest_003@729d991e]" started-at="2021-11-28T09:48:06 IST" name="tearDown" finished-at="2021-11-28T09:48:07 IST" duration-ms="458" status="PASS">
          <reporter-output>
          </reporter-output>
        </test-method> <!-- tearDown -->
      </class> <!-- com.inetbanking.testCases.AddCustomerTest_003 -->
    </test> <!-- BankingApp Test -->
  </suite> <!-- iNetbanking -->
</testng-results>
